Animations will not be exported

Type of Grid.001 is MESH
exporting object Grid.001
mesh_object is Grid.001
object Grid.001 has no faces, so no materials
vertex groups False False 

Type of Grid is MESH
exporting object Grid
mesh_object is Mesh
mesh Grid with material Grass
vertexes reduced from 20736 to 20694
faces 5184
uvs channels 1 - dict_keys(['UVMap'])
WARNING update material animation not yet supported
-----------------------------
vertex groups False False 

Type of Camera is CAMERA

Type of Grid.002 is MESH
exporting object Grid.002
mesh_object is Grid.002
mesh Grid.002 with material Grass
vertexes 324
faces 81
uvs channels 1 - dict_keys(['UVMap'])
---------------------------------
vertex groups False False 

Type of Grid.003 is MESH
exporting object Grid.003
mesh_object is Grid.003
mesh Grid.003 with material Grass
vertexes 324
faces 81
uvs channels 1 - dict_keys(['UVMap'])
---------------------------------
vertex groups False False 

Type of Grid.004 is MESH
exporting object Grid.004
mesh_object is Grid.004
mesh Grid.004 with material Grass
vertexes 324
faces 81
uvs channels 1 - dict_keys(['UVMap'])
---------------------------------
vertex groups False False 

Type of Grid.005 is MESH
exporting object Grid.005
mesh_object is Grid.005
mesh Grid.005 with material Grass
vertexes 324
faces 81
uvs channels 1 - dict_keys(['UVMap'])
---------------------------------
vertex groups False False 

Type of Grid.006 is MESH
exporting object Grid.006
mesh_object is Grid.006
mesh Grid.006 with material Clover
vertexes 324
faces 81
uvs channels 1 - dict_keys(['UVMap'])
WARNING update material animation not yet supported
----------------------------------
vertex groups False False 

Type of Grid.007 is MESH
exporting object Grid.007
mesh_object is Grid.007
mesh Grid.007 with material Grass
vertexes 324
faces 81
uvs channels 1 - dict_keys(['UVMap'])
---------------------------------
vertex groups False False 

Type of Grid.008 is MESH
exporting object Grid.008
mesh_object is Grid.008
mesh Grid.008 with material Grass
vertexes 324
faces 81
uvs channels 1 - dict_keys(['UVMap'])
---------------------------------
vertex groups False False 

Type of Grid.009 is MESH
exporting object Grid.009
mesh_object is Grid.009
mesh Grid.009 with material Grass
vertexes 324
faces 81
uvs channels 1 - dict_keys(['UVMap'])
---------------------------------
vertex groups False False 
geode GeodeGrid.001
geode GeodeMesh
geode GeodeGrid.002
geode GeodeGrid.003
geode GeodeGrid.004
geode GeodeGrid.005
geode GeodeGrid.006
geode GeodeGrid.007
geode GeodeGrid.008
geode GeodeGrid.009
write file to /run/media/daniel/SeagateExternal/ScumOfTheEarth/media/LightAndDark/Level0x0.osgt
error while trying to copy file grass2.png to /run/media/daniel/SeagateExternal/ScumOfTheEarth/media/LightAndDark/textures: `/run/media/daniel/SeagateExternal/ScumOfTheEarth/media/LightAndDark/textures/grass2.png` and `/run/media/daniel/SeagateExternal/ScumOfTheEarth/media/LightAndDark/textures/grass2.png` are the same file
error while trying to copy file clover 1.png to /run/media/daniel/SeagateExternal/ScumOfTheEarth/media/LightAndDark/textures: `/run/media/daniel/SeagateExternal/ScumOfTheEarth/media/LightAndDark/textures/clover 1.png` and `/run/media/daniel/SeagateExternal/ScumOfTheEarth/media/LightAndDark/textures/clover 1.png` are the same file
error while trying to copy file FlatNormalMap.png to /run/media/daniel/SeagateExternal/ScumOfTheEarth/media/LightAndDark/textures: `/run/media/daniel/SeagateExternal/ScumOfTheEarth/media/LightAndDark/textures/FlatNormalMap.png` and `/run/media/daniel/SeagateExternal/ScumOfTheEarth/media/LightAndDark/textures/FlatNormalMap.png` are the same file
Check log file /run/media/daniel/SeagateExternal/ScumOfTheEarth/media/LightAndDark/Level0x0.log
