Animations will not be exported

Type of malhela is ARMATURE
processing Armature malhela

Type of malhela_tongue01 is MESH
exporting object malhela_tongue01
mesh_object is malhela_tongue01
mesh malhela_tongue01 with material malhela_tongue01tongue01Material
vertexes reduced from 896 to 253
faces 224
vertex groups 1
uvs channels 1 - dict_keys(['Texture'])
WARNING update material animation not yet supported
--------------------------------------------------------------------
vertex groups True True 

Type of malhela_Teeth_Base is MESH
exporting object malhela_Teeth_Base
mesh_object is malhela_Teeth_Base
mesh malhela_Teeth_Base with material malhela_Teeth_BaseteethMaterial
vertexes reduced from 14240 to 4494
faces 3560
vertex groups 2
uvs channels 1 - dict_keys(['Texture'])
WARNING update material animation not yet supported
---------------------------------------------------------------------
vertex groups True True 

Type of malhela_Low-Poly is MESH
exporting object malhela_Low-Poly
mesh_object is malhela_Low-Poly
mesh malhela_Low-Poly with material malhela_Low-PolyEye_brown
vertexes reduced from 344 to 96
faces 86
vertex groups 3
uvs channels 1 - dict_keys(['Texture'])
WARNING update material animation not yet supported
-------------------------------------------------------------
vertex groups True True 

Type of malhela_mhair02 is MESH
exporting object malhela_mhair02
mesh_object is malhela_mhair02
mesh malhela_mhair02 with material malhela_mhair02mhair02black
vertexes reduced from 6920 to 2351
faces 1730
vertex groups 5
uvs channels 1 - dict_keys(['Texture'])
WARNING update material animation not yet supported
--------------------------------------------------------------
vertex groups True True 

Type of malhela_Tshirt_short is MESH
exporting object malhela_Tshirt_short
mesh_object is malhela_Tshirt_short
mesh malhela_Tshirt_short with material malhela_Tshirt_shortTShirtWhite
vertexes reduced from 2656 to 764
faces 664
vertex groups 10
uvs channels 1 - dict_keys(['Texture'])
WARNING update material animation not yet supported
-----------------------------------------------------------------------
vertex groups True True 

Type of malhela_fedora_cocked is MESH
exporting object malhela_fedora_cocked
mesh_object is malhela_fedora_cocked
mesh malhela_fedora_cocked with material malhela_fedora_cockedBlackFedora
vertexes reduced from 2488 to 696
faces 622
vertex groups 1
uvs channels 1 - dict_keys(['Texture'])
WARNING update material animation not yet supported
-------------------------------------------------------------------------
vertex groups True True 

Type of malhela_jeans01 is MESH
exporting object malhela_jeans01
mesh_object is malhela_jeans01
mesh malhela_jeans01 with material malhela_jeans01short01Material
vertexes reduced from 3424 to 950
faces 856
vertex groups 9
uvs channels 1 - dict_keys(['Texture'])
WARNING update material animation not yet supported
-----------------------------------------------------------------
vertex groups True True 

Type of malhela_Jacket is MESH
exporting object malhela_Jacket
mesh_object is malhela_Jacket
mesh malhela_Jacket with material malhela_Jacketjacket01
vertexes reduced from 5800 to 1777
faces 1450
vertex groups 12
uvs channels 1 - dict_keys(['Texture'])
WARNING update material animation not yet supported
--------------------------------------------------------
vertex groups True True 

Type of malhelaBody is MESH
exporting object malhelaBody
mesh_object is Mesh
mesh malhelaBody with material malhelaSkin
vertexes reduced from 53512 to 14512
faces 13378
WARNING group has no vertexes, skip it, if really unsued you should clean it
WARNING group has no vertexes, skip it, if really unsued you should clean it
vertex groups 33
uvs channels 1 - dict_keys(['UVTex'])
WARNING update material animation not yet supported
------------------------------------------
mesh malhelaBody with material malhelaInvisio
object malhelaBody has no faces for sub material slot 1
---------------------------------------------
mesh malhelaBody with material malhelaRed
object malhelaBody has no faces for sub material slot 2
-----------------------------------------
mesh malhelaBody with material malhelaGreen
object malhelaBody has no faces for sub material slot 3
-------------------------------------------
mesh malhelaBody with material malhelaBlue
object malhelaBody has no faces for sub material slot 4
------------------------------------------
mesh malhelaBody with material malhelaYellow
object malhelaBody has no faces for sub material slot 5
--------------------------------------------
vertex groups True True 

Type of Camera is CAMERA
write file to /run/media/daniel/SeagateExternal/ScumOfTheEarth/media/LightAndDark/Malhela.osgt
error while trying to copy file FlatNormalMap.png to /run/media/daniel/SeagateExternal/ScumOfTheEarth/media/LightAndDark/textures: `/run/media/daniel/SeagateExternal/ScumOfTheEarth/media/LightAndDark/textures/FlatNormalMap.png` and `/run/media/daniel/SeagateExternal/ScumOfTheEarth/media/LightAndDark/textures/FlatNormalMap.png` are the same file
error while trying to copy file fedora_displacement.png to /run/media/daniel/SeagateExternal/ScumOfTheEarth/media/LightAndDark/textures: `/run/media/daniel/SeagateExternal/ScumOfTheEarth/media/LightAndDark/textures/fedora_displacement.png` and `/run/media/daniel/SeagateExternal/ScumOfTheEarth/media/LightAndDark/textures/fedora_displacement.png` are the same file
error while trying to copy file jeans01_black_diffuse.png to /run/media/daniel/SeagateExternal/ScumOfTheEarth/media/LightAndDark/textures: `/run/media/daniel/SeagateExternal/ScumOfTheEarth/media/LightAndDark/textures/jeans01_black_diffuse.png` and `/run/media/daniel/SeagateExternal/ScumOfTheEarth/media/LightAndDark/textures/jeans01_black_diffuse.png` are the same file
error while trying to copy file brown_eye.png to /run/media/daniel/SeagateExternal/ScumOfTheEarth/media/LightAndDark/textures: `/run/media/daniel/SeagateExternal/ScumOfTheEarth/media/LightAndDark/textures/brown_eye.png` and `/run/media/daniel/SeagateExternal/ScumOfTheEarth/media/LightAndDark/textures/brown_eye.png` are the same file
error while trying to copy file tshirt_normal.png to /run/media/daniel/SeagateExternal/ScumOfTheEarth/media/LightAndDark/textures: `/run/media/daniel/SeagateExternal/ScumOfTheEarth/media/LightAndDark/textures/tshirt_normal.png` and `/run/media/daniel/SeagateExternal/ScumOfTheEarth/media/LightAndDark/textures/tshirt_normal.png` are the same file
error while trying to copy file jeans01_normals.png to /run/media/daniel/SeagateExternal/ScumOfTheEarth/media/LightAndDark/textures: `/run/media/daniel/SeagateExternal/ScumOfTheEarth/media/LightAndDark/textures/jeans01_normals.png` and `/run/media/daniel/SeagateExternal/ScumOfTheEarth/media/LightAndDark/textures/jeans01_normals.png` are the same file
error while trying to copy file tshirt_displacement.png to /run/media/daniel/SeagateExternal/ScumOfTheEarth/media/LightAndDark/textures: `/run/media/daniel/SeagateExternal/ScumOfTheEarth/media/LightAndDark/textures/tshirt_displacement.png` and `/run/media/daniel/SeagateExternal/ScumOfTheEarth/media/LightAndDark/textures/tshirt_displacement.png` are the same file
error while trying to copy file tongue01_diffuse.png to /run/media/daniel/SeagateExternal/ScumOfTheEarth/media/LightAndDark/textures: `/run/media/daniel/SeagateExternal/ScumOfTheEarth/media/LightAndDark/textures/tongue01_diffuse.png` and `/run/media/daniel/SeagateExternal/ScumOfTheEarth/media/LightAndDark/textures/tongue01_diffuse.png` are the same file
error while trying to copy file male02_diffuse_black.png to /run/media/daniel/SeagateExternal/ScumOfTheEarth/media/LightAndDark/textures: `/run/media/daniel/SeagateExternal/ScumOfTheEarth/media/LightAndDark/textures/male02_diffuse_black.png` and `/run/media/daniel/SeagateExternal/ScumOfTheEarth/media/LightAndDark/textures/male02_diffuse_black.png` are the same file
error while trying to copy file tshirt_texture_white.png to /run/media/daniel/SeagateExternal/ScumOfTheEarth/media/LightAndDark/textures: `/run/media/daniel/SeagateExternal/ScumOfTheEarth/media/LightAndDark/textures/tshirt_texture_white.png` and `/run/media/daniel/SeagateExternal/ScumOfTheEarth/media/LightAndDark/textures/tshirt_texture_white.png` are the same file
error while trying to copy file teeth.png to /run/media/daniel/SeagateExternal/ScumOfTheEarth/media/LightAndDark/textures: `/run/media/daniel/SeagateExternal/ScumOfTheEarth/media/LightAndDark/textures/teeth.png` and `/run/media/daniel/SeagateExternal/ScumOfTheEarth/media/LightAndDark/textures/teeth.png` are the same file
error while trying to copy file jacket01_diffuse.png to /run/media/daniel/SeagateExternal/ScumOfTheEarth/media/LightAndDark/textures: `/run/media/daniel/SeagateExternal/ScumOfTheEarth/media/LightAndDark/textures/jacket01_diffuse.png` and `/run/media/daniel/SeagateExternal/ScumOfTheEarth/media/LightAndDark/textures/jacket01_diffuse.png` are the same file
error while trying to copy file fedora_texture_black.png to /run/media/daniel/SeagateExternal/ScumOfTheEarth/media/LightAndDark/textures: `/run/media/daniel/SeagateExternal/ScumOfTheEarth/media/LightAndDark/textures/fedora_texture_black.png` and `/run/media/daniel/SeagateExternal/ScumOfTheEarth/media/LightAndDark/textures/fedora_texture_black.png` are the same file
error while trying to copy file jacket01_normals.png to /run/media/daniel/SeagateExternal/ScumOfTheEarth/media/LightAndDark/textures: `/run/media/daniel/SeagateExternal/ScumOfTheEarth/media/LightAndDark/textures/jacket01_normals.png` and `/run/media/daniel/SeagateExternal/ScumOfTheEarth/media/LightAndDark/textures/jacket01_normals.png` are the same file
error while trying to copy file fedora_normal.png to /run/media/daniel/SeagateExternal/ScumOfTheEarth/media/LightAndDark/textures: `/run/media/daniel/SeagateExternal/ScumOfTheEarth/media/LightAndDark/textures/fedora_normal.png` and `/run/media/daniel/SeagateExternal/ScumOfTheEarth/media/LightAndDark/textures/fedora_normal.png` are the same file
error while trying to copy file young_lightskinned_male_diffuse.png to /run/media/daniel/SeagateExternal/ScumOfTheEarth/media/LightAndDark/textures: `/run/media/daniel/SeagateExternal/ScumOfTheEarth/media/LightAndDark/textures/young_lightskinned_male_diffuse.png` and `/run/media/daniel/SeagateExternal/ScumOfTheEarth/media/LightAndDark/textures/young_lightskinned_male_diffuse.png` are the same file
Check log file /run/media/daniel/SeagateExternal/ScumOfTheEarth/media/LightAndDark/Malhela.log
