Animations will not be exported

Type of SlidingDoor is EMPTY

Type of Armature is ARMATURE
processing Armature Armature

Type of Inner is MESH
curve.data_path location 0 location
curve.data_path location 1 location
curve.data_path location 2 location
curve.data_path rotation_euler 0 rotation_euler
curve.data_path rotation_euler 1 rotation_euler
curve.data_path rotation_euler 2 rotation_euler
curve.data_path scale 0 scale
curve.data_path scale 1 scale
curve.data_path scale 2 scale
exporting object Inner
mesh_object is Cube
mesh Inner with material Yellow
vertexes 24
faces 6
vertex groups 1
WARNING update material animation not yet supported
WARNING the texture <bpy_struct, MaterialTextureSlot("Texture")> has no Image, skip it
-------------------------------
vertex groups True True 
geode GeodeCube
NOTICE: Reparenting GeodeCube to Armature
write file to /run/media/daniel/SeagateExternal/ScumOfTheEarth/media/SlidingDoorInner.osgt
Check log file /run/media/daniel/SeagateExternal/ScumOfTheEarth/media/SlidingDoorInner.log
