Animations will not be exported

Type of Tiger is MESH
exporting object Tiger
mesh_object is Oryx
mesh Tiger without material
vertexes reduced from 803 to 300
faces 230
WARNING group has no vertexes, skip it, if really unsued you should clean it
WARNING group has no vertexes, skip it, if really unsued you should clean it
WARNING group has no vertexes, skip it, if really unsued you should clean it
WARNING group has no vertexes, skip it, if really unsued you should clean it
WARNING group has no vertexes, skip it, if really unsued you should clean it
WARNING group has no vertexes, skip it, if really unsued you should clean it
WARNING group has no vertexes, skip it, if really unsued you should clean it
WARNING group has no vertexes, skip it, if really unsued you should clean it
vertex groups 27
uvs channels 1 - dict_keys(['UVMap'])
---------------------------
vertex groups True True 
geode GeodeOryx
